<testsuites id="" name="" tests="330" failures="1" skipped="329" errors="0" time="51.598441">
<testsuite name="e2e\comprehensive-smoke.spec.ts" timestamp="2025-10-19T13:23:09.829Z" hostname="chromium" tests="7" failures="0" skipped="7" time="56.659" errors="0">
<testcase name="Comprehensive Route Smoke Tests › Home page loads successfully" classname="e2e\comprehensive-smoke.spec.ts" time="9.279">
<skipped>
</skipped>
</testcase>
<testcase name="Comprehensive Route Smoke Tests › Directory page loads successfully" classname="e2e\comprehensive-smoke.spec.ts" time="8.361">
<skipped>
</skipped>
</testcase>
<testcase name="Comprehensive Route Smoke Tests › Calculators page loads successfully" classname="e2e\comprehensive-smoke.spec.ts" time="8.887">
<skipped>
</skipped>
</testcase>
<testcase name="Comprehensive Route Smoke Tests › AI Chat page loads successfully" classname="e2e\comprehensive-smoke.spec.ts" time="9.061">
<skipped>
</skipped>
</testcase>
<testcase name="Comprehensive Route Smoke Tests › Local Services page loads successfully" classname="e2e\comprehensive-smoke.spec.ts" time="6.62">
<skipped>
</skipped>
</testcase>
<testcase name="Comprehensive Route Smoke Tests › Legal Guide page loads successfully" classname="e2e\comprehensive-smoke.spec.ts" time="7.268">
<skipped>
</skipped>
</testcase>
<testcase name="Comprehensive Route Smoke Tests › Price Comparison page loads successfully" classname="e2e\comprehensive-smoke.spec.ts" time="7.183">
<skipped>
</skipped>
</testcase>
</testsuite>
<testsuite name="e2e\directory.spec.ts" timestamp="2025-10-19T13:23:09.829Z" hostname="chromium" tests="7" failures="1" skipped="6" time="9.684" errors="0">
<testcase name="Directory Page › should load the directory page successfully" classname="e2e\directory.spec.ts" time="9.684">
<failure message="directory.spec.ts:4:7 should load the directory page successfully" type="FAILURE">
<![CDATA[  [chromium] › e2e\directory.spec.ts:4:7 › Directory Page › should load the directory page successfully 

    Error: page.goto: net::ERR_CONNECTION_REFUSED at http://localhost:3001/directory
    Call log:
      - navigating to "http://localhost:3001/directory", waiting until "load"


      3 | test.describe('Directory Page', () => {
      4 |   test('should load the directory page successfully', async ({ page }) => {
    > 5 |     await page.goto('http://localhost:3001/directory');
        |                ^
      6 |     await expect(page).toHaveTitle(/OffGrid/);
      7 |     await expect(page.locator('h1')).toContainText('Content Directory');
      8 |   });
        at C:\OffGrid1\OffGrid1\frontend\tests\e2e\directory.spec.ts:5:16

    Error: browserContext.close: Target page, context or browser has been closed
]]>
</failure>
</testcase>
<testcase name="Directory Page › should fetch and display posts from WordPress API" classname="e2e\directory.spec.ts" time="0">
<skipped>
</skipped>
</testcase>
<testcase name="Directory Page › should display search input and category filter" classname="e2e\directory.spec.ts" time="0">
<skipped>
</skipped>
</testcase>
<testcase name="Directory Page › should filter posts by search query" classname="e2e\directory.spec.ts" time="0">
<skipped>
</skipped>
</testcase>
<testcase name="Directory Page › should display &quot;no posts&quot; message when search has no results" classname="e2e\directory.spec.ts" time="0">
<skipped>
</skipped>
</testcase>
<testcase name="Directory Page › should show pagination when there are many posts" classname="e2e\directory.spec.ts" time="0">
<skipped>
</skipped>
</testcase>
<testcase name="Directory Page › should handle API errors gracefully" classname="e2e\directory.spec.ts" time="0">
<skipped>
</skipped>
</testcase>
</testsuite>
<testsuite name="e2e\e2e-full.spec.ts" timestamp="2025-10-19T13:23:09.829Z" hostname="chromium" tests="10" failures="0" skipped="10" time="0" errors="0">
<testcase name="OffGrid1 Website Testing › Homepage loads correctly" classname="e2e\e2e-full.spec.ts" time="0">
<skipped>
</skipped>
</testcase>
<testcase name="OffGrid1 Website Testing › Solar Load Analysis - Auto-fill Small Family preset works" classname="e2e\e2e-full.spec.ts" time="0">
<skipped>
</skipped>
</testcase>
<testcase name="OffGrid1 Website Testing › Rainwater Calculator - Auto-fill Small Family preset works" classname="e2e\e2e-full.spec.ts" time="0">
<skipped>
</skipped>
</testcase>
<testcase name="OffGrid1 Website Testing › Battery Sizing Calculator - Auto-fill preset works" classname="e2e\e2e-full.spec.ts" time="0">
<skipped>
</skipped>
</testcase>
<testcase name="OffGrid1 Website Testing › Wind Power Calculator - Preset and calculation" classname="e2e\e2e-full.spec.ts" time="0">
<skipped>
</skipped>
</testcase>
<testcase name="OffGrid1 Website Testing › Greywater Calculator - Preset functionality" classname="e2e\e2e-full.spec.ts" time="0">
<skipped>
</skipped>
</testcase>
<testcase name="OffGrid1 Website Testing › Hydroponics Calculator - Preset functionality" classname="e2e\e2e-full.spec.ts" time="0">
<skipped>
</skipped>
</testcase>
<testcase name="OffGrid1 Website Testing › Navigation - All menu links work" classname="e2e\e2e-full.spec.ts" time="0">
<skipped>
</skipped>
</testcase>
<testcase name="OffGrid1 Website Testing › Currency selector changes currency display" classname="e2e\e2e-full.spec.ts" time="0">
<skipped>
</skipped>
</testcase>
<testcase name="OffGrid1 Website Testing › Admin page is accessible" classname="e2e\e2e-full.spec.ts" time="0">
<skipped>
</skipped>
</testcase>
</testsuite>
<testsuite name="e2e\freemium-paywall.spec.ts" timestamp="2025-10-19T13:23:09.829Z" hostname="chromium" tests="19" failures="0" skipped="19" time="0" errors="0">
<testcase name="Freemium Paywall - Authentication Flow › should show login/signup links when not authenticated" classname="e2e\freemium-paywall.spec.ts" time="0">
<skipped>
</skipped>
</testcase>
<testcase name="Freemium Paywall - Authentication Flow › should redirect to login page when accessing premium content while logged out" classname="e2e\freemium-paywall.spec.ts" time="0">
<skipped>
</skipped>
</testcase>
<testcase name="Freemium Paywall - Content Gating › should show preview content with blur effect for free users" classname="e2e\freemium-paywall.spec.ts" time="0">
<skipped>
</skipped>
</testcase>
<testcase name="Freemium Paywall - Content Gating › should show upgrade prompt when clicking locked content" classname="e2e\freemium-paywall.spec.ts" time="0">
<skipped>
</skipped>
</testcase>
<testcase name="Freemium Paywall - PaywallModal Component › should display PaywallModal with correct pricing tiers" classname="e2e\freemium-paywall.spec.ts" time="0">
<skipped>
</skipped>
</testcase>
<testcase name="Freemium Paywall - PaywallModal Component › should close PaywallModal when clicking close button or outside" classname="e2e\freemium-paywall.spec.ts" time="0">
<skipped>
</skipped>
</testcase>
<testcase name="Freemium Paywall - PaywallModal Component › should show feature lists for each pricing tier" classname="e2e\freemium-paywall.spec.ts" time="0">
<skipped>
</skipped>
</testcase>
<testcase name="Freemium Paywall - Access Control › free tier should have access to basic calculators" classname="e2e\freemium-paywall.spec.ts" time="0">
<skipped>
</skipped>
</testcase>
<testcase name="Freemium Paywall - Access Control › free tier should see upgrade prompts on premium features" classname="e2e\freemium-paywall.spec.ts" time="0">
<skipped>
</skipped>
</testcase>
<testcase name="Freemium Paywall - Navigation › should navigate to pricing page from PaywallModal" classname="e2e\freemium-paywall.spec.ts" time="0">
<skipped>
</skipped>
</testcase>
<testcase name="Freemium Paywall - Navigation › should navigate to signup from PaywallModal CTA" classname="e2e\freemium-paywall.spec.ts" time="0">
<skipped>
</skipped>
</testcase>
<testcase name="Freemium Paywall - Database Integration › should track calculator usage count for free tier limits" classname="e2e\freemium-paywall.spec.ts" time="0">
<skipped>
</skipped>
</testcase>
<testcase name="Freemium Paywall - Database Integration › should save calculator results for authenticated users" classname="e2e\freemium-paywall.spec.ts" time="0">
<skipped>
</skipped>
</testcase>
<testcase name="Freemium Paywall - Error Handling › should not show console errors on paywall interactions" classname="e2e\freemium-paywall.spec.ts" time="0">
<skipped>
</skipped>
</testcase>
<testcase name="Freemium Paywall - Error Handling › should handle missing environment variables gracefully" classname="e2e\freemium-paywall.spec.ts" time="0">
<skipped>
</skipped>
</testcase>
<testcase name="Freemium Paywall - Mobile Responsiveness › PaywallModal should be responsive on mobile" classname="e2e\freemium-paywall.spec.ts" time="0">
<skipped>
</skipped>
</testcase>
<testcase name="Freemium Paywall - Mobile Responsiveness › ContentGate should be readable on mobile" classname="e2e\freemium-paywall.spec.ts" time="0">
<skipped>
</skipped>
</testcase>
<testcase name="Freemium Paywall - Accessibility › PaywallModal should have proper ARIA attributes" classname="e2e\freemium-paywall.spec.ts" time="0">
<skipped>
</skipped>
</testcase>
<testcase name="Freemium Paywall - Accessibility › should be keyboard navigable" classname="e2e\freemium-paywall.spec.ts" time="0">
<skipped>
</skipped>
</testcase>
</testsuite>
<testsuite name="e2e\homepage.spec.ts" timestamp="2025-10-19T13:23:09.829Z" hostname="chromium" tests="7" failures="0" skipped="7" time="0" errors="0">
<testcase name="Homepage - Task 11 › hero section displays with title and description" classname="e2e\homepage.spec.ts" time="0">
<skipped>
</skipped>
</testcase>
<testcase name="Homepage - Task 11 › CTA buttons are visible and functional" classname="e2e\homepage.spec.ts" time="0">
<skipped>
</skipped>
</testcase>
<testcase name="Homepage - Task 11 › feature cards display with icons and descriptions" classname="e2e\homepage.spec.ts" time="0">
<skipped>
</skipped>
</testcase>
<testcase name="Homepage - Task 11 › technology stack section displays" classname="e2e\homepage.spec.ts" time="0">
<skipped>
</skipped>
</testcase>
<testcase name="Homepage - Task 11 › theme toggle is present" classname="e2e\homepage.spec.ts" time="0">
<skipped>
</skipped>
</testcase>
<testcase name="Homepage - Task 11 › homepage is responsive and accessible" classname="e2e\homepage.spec.ts" time="0">
<skipped>
</skipped>
</testcase>
<testcase name="Homepage - Task 11 › all links have proper href attributes" classname="e2e\homepage.spec.ts" time="0">
<skipped>
</skipped>
</testcase>
</testsuite>
<testsuite name="e2e\smoke.spec.ts" timestamp="2025-10-19T13:23:09.829Z" hostname="chromium" tests="9" failures="0" skipped="9" time="0" errors="0">
<testcase name="homepage loads and shows header" classname="e2e\smoke.spec.ts" time="0">
<skipped>
</skipped>
</testcase>
<testcase name="core routes render without errors" classname="e2e\smoke.spec.ts" time="0">
<skipped>
</skipped>
</testcase>
<testcase name="health endpoint returns healthy status" classname="e2e\smoke.spec.ts" time="0">
<skipped>
</skipped>
</testcase>
<testcase name="WordPress API is accessible" classname="e2e\smoke.spec.ts" time="0">
<skipped>
</skipped>
</testcase>
<testcase name="AI service is accessible" classname="e2e\smoke.spec.ts" time="0">
<skipped>
</skipped>
</testcase>
<testcase name="AI service lists available models" classname="e2e\smoke.spec.ts" time="0">
<skipped>
</skipped>
</testcase>
<testcase name="AI chat endpoint accepts requests and returns proper structure" classname="e2e\smoke.spec.ts" time="0">
<skipped>
</skipped>
</testcase>
<testcase name="AI chat endpoint validates request parameters" classname="e2e\smoke.spec.ts" time="0">
<skipped>
</skipped>
</testcase>
<testcase name="AI chat endpoint requires messages field" classname="e2e\smoke.spec.ts" time="0">
<skipped>
</skipped>
</testcase>
</testsuite>
<testsuite name="visual\home.spec.ts" timestamp="2025-10-19T13:23:09.829Z" hostname="chromium" tests="7" failures="0" skipped="7" time="0" errors="0">
<testcase name="Visual Regression Tests › Home page visual snapshot" classname="visual\home.spec.ts" time="0">
<skipped>
</skipped>
</testcase>
<testcase name="Visual Regression Tests › Directory page visual snapshot" classname="visual\home.spec.ts" time="0">
<skipped>
</skipped>
</testcase>
<testcase name="Visual Regression Tests › Calculators page visual snapshot" classname="visual\home.spec.ts" time="0">
<skipped>
</skipped>
</testcase>
<testcase name="Visual Regression Tests › AI Chat page visual snapshot" classname="visual\home.spec.ts" time="0">
<skipped>
</skipped>
</testcase>
<testcase name="Visual Regression Tests › Local Services page visual snapshot" classname="visual\home.spec.ts" time="0">
<skipped>
</skipped>
</testcase>
<testcase name="Visual Regression Tests › Mobile view - Home page" classname="visual\home.spec.ts" time="0">
<skipped>
</skipped>
</testcase>
<testcase name="Visual Regression Tests › Dark mode - Home page" classname="visual\home.spec.ts" time="0">
<skipped>
</skipped>
</testcase>
</testsuite>
<testsuite name="e2e\comprehensive-smoke.spec.ts" timestamp="2025-10-19T13:23:09.829Z" hostname="firefox" tests="7" failures="0" skipped="7" time="0" errors="0">
<testcase name="Comprehensive Route Smoke Tests › Home page loads successfully" classname="e2e\comprehensive-smoke.spec.ts" time="0">
<skipped>
</skipped>
</testcase>
<testcase name="Comprehensive Route Smoke Tests › Directory page loads successfully" classname="e2e\comprehensive-smoke.spec.ts" time="0">
<skipped>
</skipped>
</testcase>
<testcase name="Comprehensive Route Smoke Tests › Calculators page loads successfully" classname="e2e\comprehensive-smoke.spec.ts" time="0">
<skipped>
</skipped>
</testcase>
<testcase name="Comprehensive Route Smoke Tests › AI Chat page loads successfully" classname="e2e\comprehensive-smoke.spec.ts" time="0">
<skipped>
</skipped>
</testcase>
<testcase name="Comprehensive Route Smoke Tests › Local Services page loads successfully" classname="e2e\comprehensive-smoke.spec.ts" time="0">
<skipped>
</skipped>
</testcase>
<testcase name="Comprehensive Route Smoke Tests › Legal Guide page loads successfully" classname="e2e\comprehensive-smoke.spec.ts" time="0">
<skipped>
</skipped>
</testcase>
<testcase name="Comprehensive Route Smoke Tests › Price Comparison page loads successfully" classname="e2e\comprehensive-smoke.spec.ts" time="0">
<skipped>
</skipped>
</testcase>
</testsuite>
<testsuite name="e2e\directory.spec.ts" timestamp="2025-10-19T13:23:09.829Z" hostname="firefox" tests="7" failures="0" skipped="7" time="0" errors="0">
<testcase name="Directory Page › should load the directory page successfully" classname="e2e\directory.spec.ts" time="0">
<skipped>
</skipped>
</testcase>
<testcase name="Directory Page › should fetch and display posts from WordPress API" classname="e2e\directory.spec.ts" time="0">
<skipped>
</skipped>
</testcase>
<testcase name="Directory Page › should display search input and category filter" classname="e2e\directory.spec.ts" time="0">
<skipped>
</skipped>
</testcase>
<testcase name="Directory Page › should filter posts by search query" classname="e2e\directory.spec.ts" time="0">
<skipped>
</skipped>
</testcase>
<testcase name="Directory Page › should display &quot;no posts&quot; message when search has no results" classname="e2e\directory.spec.ts" time="0">
<skipped>
</skipped>
</testcase>
<testcase name="Directory Page › should show pagination when there are many posts" classname="e2e\directory.spec.ts" time="0">
<skipped>
</skipped>
</testcase>
<testcase name="Directory Page › should handle API errors gracefully" classname="e2e\directory.spec.ts" time="0">
<skipped>
</skipped>
</testcase>
</testsuite>
<testsuite name="e2e\e2e-full.spec.ts" timestamp="2025-10-19T13:23:09.829Z" hostname="firefox" tests="10" failures="0" skipped="10" time="0" errors="0">
<testcase name="OffGrid1 Website Testing › Homepage loads correctly" classname="e2e\e2e-full.spec.ts" time="0">
<skipped>
</skipped>
</testcase>
<testcase name="OffGrid1 Website Testing › Solar Load Analysis - Auto-fill Small Family preset works" classname="e2e\e2e-full.spec.ts" time="0">
<skipped>
</skipped>
</testcase>
<testcase name="OffGrid1 Website Testing › Rainwater Calculator - Auto-fill Small Family preset works" classname="e2e\e2e-full.spec.ts" time="0">
<skipped>
</skipped>
</testcase>
<testcase name="OffGrid1 Website Testing › Battery Sizing Calculator - Auto-fill preset works" classname="e2e\e2e-full.spec.ts" time="0">
<skipped>
</skipped>
</testcase>
<testcase name="OffGrid1 Website Testing › Wind Power Calculator - Preset and calculation" classname="e2e\e2e-full.spec.ts" time="0">
<skipped>
</skipped>
</testcase>
<testcase name="OffGrid1 Website Testing › Greywater Calculator - Preset functionality" classname="e2e\e2e-full.spec.ts" time="0">
<skipped>
</skipped>
</testcase>
<testcase name="OffGrid1 Website Testing › Hydroponics Calculator - Preset functionality" classname="e2e\e2e-full.spec.ts" time="0">
<skipped>
</skipped>
</testcase>
<testcase name="OffGrid1 Website Testing › Navigation - All menu links work" classname="e2e\e2e-full.spec.ts" time="0">
<skipped>
</skipped>
</testcase>
<testcase name="OffGrid1 Website Testing › Currency selector changes currency display" classname="e2e\e2e-full.spec.ts" time="0">
<skipped>
</skipped>
</testcase>
<testcase name="OffGrid1 Website Testing › Admin page is accessible" classname="e2e\e2e-full.spec.ts" time="0">
<skipped>
</skipped>
</testcase>
</testsuite>
<testsuite name="e2e\freemium-paywall.spec.ts" timestamp="2025-10-19T13:23:09.829Z" hostname="firefox" tests="19" failures="0" skipped="19" time="0" errors="0">
<testcase name="Freemium Paywall - Authentication Flow › should show login/signup links when not authenticated" classname="e2e\freemium-paywall.spec.ts" time="0">
<skipped>
</skipped>
</testcase>
<testcase name="Freemium Paywall - Authentication Flow › should redirect to login page when accessing premium content while logged out" classname="e2e\freemium-paywall.spec.ts" time="0">
<skipped>
</skipped>
</testcase>
<testcase name="Freemium Paywall - Content Gating › should show preview content with blur effect for free users" classname="e2e\freemium-paywall.spec.ts" time="0">
<skipped>
</skipped>
</testcase>
<testcase name="Freemium Paywall - Content Gating › should show upgrade prompt when clicking locked content" classname="e2e\freemium-paywall.spec.ts" time="0">
<skipped>
</skipped>
</testcase>
<testcase name="Freemium Paywall - PaywallModal Component › should display PaywallModal with correct pricing tiers" classname="e2e\freemium-paywall.spec.ts" time="0">
<skipped>
</skipped>
</testcase>
<testcase name="Freemium Paywall - PaywallModal Component › should close PaywallModal when clicking close button or outside" classname="e2e\freemium-paywall.spec.ts" time="0">
<skipped>
</skipped>
</testcase>
<testcase name="Freemium Paywall - PaywallModal Component › should show feature lists for each pricing tier" classname="e2e\freemium-paywall.spec.ts" time="0">
<skipped>
</skipped>
</testcase>
<testcase name="Freemium Paywall - Access Control › free tier should have access to basic calculators" classname="e2e\freemium-paywall.spec.ts" time="0">
<skipped>
</skipped>
</testcase>
<testcase name="Freemium Paywall - Access Control › free tier should see upgrade prompts on premium features" classname="e2e\freemium-paywall.spec.ts" time="0">
<skipped>
</skipped>
</testcase>
<testcase name="Freemium Paywall - Navigation › should navigate to pricing page from PaywallModal" classname="e2e\freemium-paywall.spec.ts" time="0">
<skipped>
</skipped>
</testcase>
<testcase name="Freemium Paywall - Navigation › should navigate to signup from PaywallModal CTA" classname="e2e\freemium-paywall.spec.ts" time="0">
<skipped>
</skipped>
</testcase>
<testcase name="Freemium Paywall - Database Integration › should track calculator usage count for free tier limits" classname="e2e\freemium-paywall.spec.ts" time="0">
<skipped>
</skipped>
</testcase>
<testcase name="Freemium Paywall - Database Integration › should save calculator results for authenticated users" classname="e2e\freemium-paywall.spec.ts" time="0">
<skipped>
</skipped>
</testcase>
<testcase name="Freemium Paywall - Error Handling › should not show console errors on paywall interactions" classname="e2e\freemium-paywall.spec.ts" time="0">
<skipped>
</skipped>
</testcase>
<testcase name="Freemium Paywall - Error Handling › should handle missing environment variables gracefully" classname="e2e\freemium-paywall.spec.ts" time="0">
<skipped>
</skipped>
</testcase>
<testcase name="Freemium Paywall - Mobile Responsiveness › PaywallModal should be responsive on mobile" classname="e2e\freemium-paywall.spec.ts" time="0">
<skipped>
</skipped>
</testcase>
<testcase name="Freemium Paywall - Mobile Responsiveness › ContentGate should be readable on mobile" classname="e2e\freemium-paywall.spec.ts" time="0">
<skipped>
</skipped>
</testcase>
<testcase name="Freemium Paywall - Accessibility › PaywallModal should have proper ARIA attributes" classname="e2e\freemium-paywall.spec.ts" time="0">
<skipped>
</skipped>
</testcase>
<testcase name="Freemium Paywall - Accessibility › should be keyboard navigable" classname="e2e\freemium-paywall.spec.ts" time="0">
<skipped>
</skipped>
</testcase>
</testsuite>
<testsuite name="e2e\homepage.spec.ts" timestamp="2025-10-19T13:23:09.829Z" hostname="firefox" tests="7" failures="0" skipped="7" time="0" errors="0">
<testcase name="Homepage - Task 11 › hero section displays with title and description" classname="e2e\homepage.spec.ts" time="0">
<skipped>
</skipped>
</testcase>
<testcase name="Homepage - Task 11 › CTA buttons are visible and functional" classname="e2e\homepage.spec.ts" time="0">
<skipped>
</skipped>
</testcase>
<testcase name="Homepage - Task 11 › feature cards display with icons and descriptions" classname="e2e\homepage.spec.ts" time="0">
<skipped>
</skipped>
</testcase>
<testcase name="Homepage - Task 11 › technology stack section displays" classname="e2e\homepage.spec.ts" time="0">
<skipped>
</skipped>
</testcase>
<testcase name="Homepage - Task 11 › theme toggle is present" classname="e2e\homepage.spec.ts" time="0">
<skipped>
</skipped>
</testcase>
<testcase name="Homepage - Task 11 › homepage is responsive and accessible" classname="e2e\homepage.spec.ts" time="0">
<skipped>
</skipped>
</testcase>
<testcase name="Homepage - Task 11 › all links have proper href attributes" classname="e2e\homepage.spec.ts" time="0">
<skipped>
</skipped>
</testcase>
</testsuite>
<testsuite name="e2e\smoke.spec.ts" timestamp="2025-10-19T13:23:09.829Z" hostname="firefox" tests="9" failures="0" skipped="9" time="0" errors="0">
<testcase name="homepage loads and shows header" classname="e2e\smoke.spec.ts" time="0">
<skipped>
</skipped>
</testcase>
<testcase name="core routes render without errors" classname="e2e\smoke.spec.ts" time="0">
<skipped>
</skipped>
</testcase>
<testcase name="health endpoint returns healthy status" classname="e2e\smoke.spec.ts" time="0">
<skipped>
</skipped>
</testcase>
<testcase name="WordPress API is accessible" classname="e2e\smoke.spec.ts" time="0">
<skipped>
</skipped>
</testcase>
<testcase name="AI service is accessible" classname="e2e\smoke.spec.ts" time="0">
<skipped>
</skipped>
</testcase>
<testcase name="AI service lists available models" classname="e2e\smoke.spec.ts" time="0">
<skipped>
</skipped>
</testcase>
<testcase name="AI chat endpoint accepts requests and returns proper structure" classname="e2e\smoke.spec.ts" time="0">
<skipped>
</skipped>
</testcase>
<testcase name="AI chat endpoint validates request parameters" classname="e2e\smoke.spec.ts" time="0">
<skipped>
</skipped>
</testcase>
<testcase name="AI chat endpoint requires messages field" classname="e2e\smoke.spec.ts" time="0">
<skipped>
</skipped>
</testcase>
</testsuite>
<testsuite name="visual\home.spec.ts" timestamp="2025-10-19T13:23:09.829Z" hostname="firefox" tests="7" failures="0" skipped="7" time="0" errors="0">
<testcase name="Visual Regression Tests › Home page visual snapshot" classname="visual\home.spec.ts" time="0">
<skipped>
</skipped>
</testcase>
<testcase name="Visual Regression Tests › Directory page visual snapshot" classname="visual\home.spec.ts" time="0">
<skipped>
</skipped>
</testcase>
<testcase name="Visual Regression Tests › Calculators page visual snapshot" classname="visual\home.spec.ts" time="0">
<skipped>
</skipped>
</testcase>
<testcase name="Visual Regression Tests › AI Chat page visual snapshot" classname="visual\home.spec.ts" time="0">
<skipped>
</skipped>
</testcase>
<testcase name="Visual Regression Tests › Local Services page visual snapshot" classname="visual\home.spec.ts" time="0">
<skipped>
</skipped>
</testcase>
<testcase name="Visual Regression Tests › Mobile view - Home page" classname="visual\home.spec.ts" time="0">
<skipped>
</skipped>
</testcase>
<testcase name="Visual Regression Tests › Dark mode - Home page" classname="visual\home.spec.ts" time="0">
<skipped>
</skipped>
</testcase>
</testsuite>
<testsuite name="e2e\comprehensive-smoke.spec.ts" timestamp="2025-10-19T13:23:09.829Z" hostname="webkit" tests="7" failures="0" skipped="7" time="0" errors="0">
<testcase name="Comprehensive Route Smoke Tests › Home page loads successfully" classname="e2e\comprehensive-smoke.spec.ts" time="0">
<skipped>
</skipped>
</testcase>
<testcase name="Comprehensive Route Smoke Tests › Directory page loads successfully" classname="e2e\comprehensive-smoke.spec.ts" time="0">
<skipped>
</skipped>
</testcase>
<testcase name="Comprehensive Route Smoke Tests › Calculators page loads successfully" classname="e2e\comprehensive-smoke.spec.ts" time="0">
<skipped>
</skipped>
</testcase>
<testcase name="Comprehensive Route Smoke Tests › AI Chat page loads successfully" classname="e2e\comprehensive-smoke.spec.ts" time="0">
<skipped>
</skipped>
</testcase>
<testcase name="Comprehensive Route Smoke Tests › Local Services page loads successfully" classname="e2e\comprehensive-smoke.spec.ts" time="0">
<skipped>
</skipped>
</testcase>
<testcase name="Comprehensive Route Smoke Tests › Legal Guide page loads successfully" classname="e2e\comprehensive-smoke.spec.ts" time="0">
<skipped>
</skipped>
</testcase>
<testcase name="Comprehensive Route Smoke Tests › Price Comparison page loads successfully" classname="e2e\comprehensive-smoke.spec.ts" time="0">
<skipped>
</skipped>
</testcase>
</testsuite>
<testsuite name="e2e\directory.spec.ts" timestamp="2025-10-19T13:23:09.829Z" hostname="webkit" tests="7" failures="0" skipped="7" time="0" errors="0">
<testcase name="Directory Page › should load the directory page successfully" classname="e2e\directory.spec.ts" time="0">
<skipped>
</skipped>
</testcase>
<testcase name="Directory Page › should fetch and display posts from WordPress API" classname="e2e\directory.spec.ts" time="0">
<skipped>
</skipped>
</testcase>
<testcase name="Directory Page › should display search input and category filter" classname="e2e\directory.spec.ts" time="0">
<skipped>
</skipped>
</testcase>
<testcase name="Directory Page › should filter posts by search query" classname="e2e\directory.spec.ts" time="0">
<skipped>
</skipped>
</testcase>
<testcase name="Directory Page › should display &quot;no posts&quot; message when search has no results" classname="e2e\directory.spec.ts" time="0">
<skipped>
</skipped>
</testcase>
<testcase name="Directory Page › should show pagination when there are many posts" classname="e2e\directory.spec.ts" time="0">
<skipped>
</skipped>
</testcase>
<testcase name="Directory Page › should handle API errors gracefully" classname="e2e\directory.spec.ts" time="0">
<skipped>
</skipped>
</testcase>
</testsuite>
<testsuite name="e2e\e2e-full.spec.ts" timestamp="2025-10-19T13:23:09.829Z" hostname="webkit" tests="10" failures="0" skipped="10" time="0" errors="0">
<testcase name="OffGrid1 Website Testing › Homepage loads correctly" classname="e2e\e2e-full.spec.ts" time="0">
<skipped>
</skipped>
</testcase>
<testcase name="OffGrid1 Website Testing › Solar Load Analysis - Auto-fill Small Family preset works" classname="e2e\e2e-full.spec.ts" time="0">
<skipped>
</skipped>
</testcase>
<testcase name="OffGrid1 Website Testing › Rainwater Calculator - Auto-fill Small Family preset works" classname="e2e\e2e-full.spec.ts" time="0">
<skipped>
</skipped>
</testcase>
<testcase name="OffGrid1 Website Testing › Battery Sizing Calculator - Auto-fill preset works" classname="e2e\e2e-full.spec.ts" time="0">
<skipped>
</skipped>
</testcase>
<testcase name="OffGrid1 Website Testing › Wind Power Calculator - Preset and calculation" classname="e2e\e2e-full.spec.ts" time="0">
<skipped>
</skipped>
</testcase>
<testcase name="OffGrid1 Website Testing › Greywater Calculator - Preset functionality" classname="e2e\e2e-full.spec.ts" time="0">
<skipped>
</skipped>
</testcase>
<testcase name="OffGrid1 Website Testing › Hydroponics Calculator - Preset functionality" classname="e2e\e2e-full.spec.ts" time="0">
<skipped>
</skipped>
</testcase>
<testcase name="OffGrid1 Website Testing › Navigation - All menu links work" classname="e2e\e2e-full.spec.ts" time="0">
<skipped>
</skipped>
</testcase>
<testcase name="OffGrid1 Website Testing › Currency selector changes currency display" classname="e2e\e2e-full.spec.ts" time="0">
<skipped>
</skipped>
</testcase>
<testcase name="OffGrid1 Website Testing › Admin page is accessible" classname="e2e\e2e-full.spec.ts" time="0">
<skipped>
</skipped>
</testcase>
</testsuite>
<testsuite name="e2e\freemium-paywall.spec.ts" timestamp="2025-10-19T13:23:09.829Z" hostname="webkit" tests="19" failures="0" skipped="19" time="0" errors="0">
<testcase name="Freemium Paywall - Authentication Flow › should show login/signup links when not authenticated" classname="e2e\freemium-paywall.spec.ts" time="0">
<skipped>
</skipped>
</testcase>
<testcase name="Freemium Paywall - Authentication Flow › should redirect to login page when accessing premium content while logged out" classname="e2e\freemium-paywall.spec.ts" time="0">
<skipped>
</skipped>
</testcase>
<testcase name="Freemium Paywall - Content Gating › should show preview content with blur effect for free users" classname="e2e\freemium-paywall.spec.ts" time="0">
<skipped>
</skipped>
</testcase>
<testcase name="Freemium Paywall - Content Gating › should show upgrade prompt when clicking locked content" classname="e2e\freemium-paywall.spec.ts" time="0">
<skipped>
</skipped>
</testcase>
<testcase name="Freemium Paywall - PaywallModal Component › should display PaywallModal with correct pricing tiers" classname="e2e\freemium-paywall.spec.ts" time="0">
<skipped>
</skipped>
</testcase>
<testcase name="Freemium Paywall - PaywallModal Component › should close PaywallModal when clicking close button or outside" classname="e2e\freemium-paywall.spec.ts" time="0">
<skipped>
</skipped>
</testcase>
<testcase name="Freemium Paywall - PaywallModal Component › should show feature lists for each pricing tier" classname="e2e\freemium-paywall.spec.ts" time="0">
<skipped>
</skipped>
</testcase>
<testcase name="Freemium Paywall - Access Control › free tier should have access to basic calculators" classname="e2e\freemium-paywall.spec.ts" time="0">
<skipped>
</skipped>
</testcase>
<testcase name="Freemium Paywall - Access Control › free tier should see upgrade prompts on premium features" classname="e2e\freemium-paywall.spec.ts" time="0">
<skipped>
</skipped>
</testcase>
<testcase name="Freemium Paywall - Navigation › should navigate to pricing page from PaywallModal" classname="e2e\freemium-paywall.spec.ts" time="0">
<skipped>
</skipped>
</testcase>
<testcase name="Freemium Paywall - Navigation › should navigate to signup from PaywallModal CTA" classname="e2e\freemium-paywall.spec.ts" time="0">
<skipped>
</skipped>
</testcase>
<testcase name="Freemium Paywall - Database Integration › should track calculator usage count for free tier limits" classname="e2e\freemium-paywall.spec.ts" time="0">
<skipped>
</skipped>
</testcase>
<testcase name="Freemium Paywall - Database Integration › should save calculator results for authenticated users" classname="e2e\freemium-paywall.spec.ts" time="0">
<skipped>
</skipped>
</testcase>
<testcase name="Freemium Paywall - Error Handling › should not show console errors on paywall interactions" classname="e2e\freemium-paywall.spec.ts" time="0">
<skipped>
</skipped>
</testcase>
<testcase name="Freemium Paywall - Error Handling › should handle missing environment variables gracefully" classname="e2e\freemium-paywall.spec.ts" time="0">
<skipped>
</skipped>
</testcase>
<testcase name="Freemium Paywall - Mobile Responsiveness › PaywallModal should be responsive on mobile" classname="e2e\freemium-paywall.spec.ts" time="0">
<skipped>
</skipped>
</testcase>
<testcase name="Freemium Paywall - Mobile Responsiveness › ContentGate should be readable on mobile" classname="e2e\freemium-paywall.spec.ts" time="0">
<skipped>
</skipped>
</testcase>
<testcase name="Freemium Paywall - Accessibility › PaywallModal should have proper ARIA attributes" classname="e2e\freemium-paywall.spec.ts" time="0">
<skipped>
</skipped>
</testcase>
<testcase name="Freemium Paywall - Accessibility › should be keyboard navigable" classname="e2e\freemium-paywall.spec.ts" time="0">
<skipped>
</skipped>
</testcase>
</testsuite>
<testsuite name="e2e\homepage.spec.ts" timestamp="2025-10-19T13:23:09.829Z" hostname="webkit" tests="7" failures="0" skipped="7" time="0" errors="0">
<testcase name="Homepage - Task 11 › hero section displays with title and description" classname="e2e\homepage.spec.ts" time="0">
<skipped>
</skipped>
</testcase>
<testcase name="Homepage - Task 11 › CTA buttons are visible and functional" classname="e2e\homepage.spec.ts" time="0">
<skipped>
</skipped>
</testcase>
<testcase name="Homepage - Task 11 › feature cards display with icons and descriptions" classname="e2e\homepage.spec.ts" time="0">
<skipped>
</skipped>
</testcase>
<testcase name="Homepage - Task 11 › technology stack section displays" classname="e2e\homepage.spec.ts" time="0">
<skipped>
</skipped>
</testcase>
<testcase name="Homepage - Task 11 › theme toggle is present" classname="e2e\homepage.spec.ts" time="0">
<skipped>
</skipped>
</testcase>
<testcase name="Homepage - Task 11 › homepage is responsive and accessible" classname="e2e\homepage.spec.ts" time="0">
<skipped>
</skipped>
</testcase>
<testcase name="Homepage - Task 11 › all links have proper href attributes" classname="e2e\homepage.spec.ts" time="0">
<skipped>
</skipped>
</testcase>
</testsuite>
<testsuite name="e2e\smoke.spec.ts" timestamp="2025-10-19T13:23:09.829Z" hostname="webkit" tests="9" failures="0" skipped="9" time="0" errors="0">
<testcase name="homepage loads and shows header" classname="e2e\smoke.spec.ts" time="0">
<skipped>
</skipped>
</testcase>
<testcase name="core routes render without errors" classname="e2e\smoke.spec.ts" time="0">
<skipped>
</skipped>
</testcase>
<testcase name="health endpoint returns healthy status" classname="e2e\smoke.spec.ts" time="0">
<skipped>
</skipped>
</testcase>
<testcase name="WordPress API is accessible" classname="e2e\smoke.spec.ts" time="0">
<skipped>
</skipped>
</testcase>
<testcase name="AI service is accessible" classname="e2e\smoke.spec.ts" time="0">
<skipped>
</skipped>
</testcase>
<testcase name="AI service lists available models" classname="e2e\smoke.spec.ts" time="0">
<skipped>
</skipped>
</testcase>
<testcase name="AI chat endpoint accepts requests and returns proper structure" classname="e2e\smoke.spec.ts" time="0">
<skipped>
</skipped>
</testcase>
<testcase name="AI chat endpoint validates request parameters" classname="e2e\smoke.spec.ts" time="0">
<skipped>
</skipped>
</testcase>
<testcase name="AI chat endpoint requires messages field" classname="e2e\smoke.spec.ts" time="0">
<skipped>
</skipped>
</testcase>
</testsuite>
<testsuite name="visual\home.spec.ts" timestamp="2025-10-19T13:23:09.829Z" hostname="webkit" tests="7" failures="0" skipped="7" time="0" errors="0">
<testcase name="Visual Regression Tests › Home page visual snapshot" classname="visual\home.spec.ts" time="0">
<skipped>
</skipped>
</testcase>
<testcase name="Visual Regression Tests › Directory page visual snapshot" classname="visual\home.spec.ts" time="0">
<skipped>
</skipped>
</testcase>
<testcase name="Visual Regression Tests › Calculators page visual snapshot" classname="visual\home.spec.ts" time="0">
<skipped>
</skipped>
</testcase>
<testcase name="Visual Regression Tests › AI Chat page visual snapshot" classname="visual\home.spec.ts" time="0">
<skipped>
</skipped>
</testcase>
<testcase name="Visual Regression Tests › Local Services page visual snapshot" classname="visual\home.spec.ts" time="0">
<skipped>
</skipped>
</testcase>
<testcase name="Visual Regression Tests › Mobile view - Home page" classname="visual\home.spec.ts" time="0">
<skipped>
</skipped>
</testcase>
<testcase name="Visual Regression Tests › Dark mode - Home page" classname="visual\home.spec.ts" time="0">
<skipped>
</skipped>
</testcase>
</testsuite>
<testsuite name="e2e\comprehensive-smoke.spec.ts" timestamp="2025-10-19T13:23:09.829Z" hostname="Mobile Chrome" tests="7" failures="0" skipped="7" time="0" errors="0">
<testcase name="Comprehensive Route Smoke Tests › Home page loads successfully" classname="e2e\comprehensive-smoke.spec.ts" time="0">
<skipped>
</skipped>
</testcase>
<testcase name="Comprehensive Route Smoke Tests › Directory page loads successfully" classname="e2e\comprehensive-smoke.spec.ts" time="0">
<skipped>
</skipped>
</testcase>
<testcase name="Comprehensive Route Smoke Tests › Calculators page loads successfully" classname="e2e\comprehensive-smoke.spec.ts" time="0">
<skipped>
</skipped>
</testcase>
<testcase name="Comprehensive Route Smoke Tests › AI Chat page loads successfully" classname="e2e\comprehensive-smoke.spec.ts" time="0">
<skipped>
</skipped>
</testcase>
<testcase name="Comprehensive Route Smoke Tests › Local Services page loads successfully" classname="e2e\comprehensive-smoke.spec.ts" time="0">
<skipped>
</skipped>
</testcase>
<testcase name="Comprehensive Route Smoke Tests › Legal Guide page loads successfully" classname="e2e\comprehensive-smoke.spec.ts" time="0">
<skipped>
</skipped>
</testcase>
<testcase name="Comprehensive Route Smoke Tests › Price Comparison page loads successfully" classname="e2e\comprehensive-smoke.spec.ts" time="0">
<skipped>
</skipped>
</testcase>
</testsuite>
<testsuite name="e2e\directory.spec.ts" timestamp="2025-10-19T13:23:09.829Z" hostname="Mobile Chrome" tests="7" failures="0" skipped="7" time="0" errors="0">
<testcase name="Directory Page › should load the directory page successfully" classname="e2e\directory.spec.ts" time="0">
<skipped>
</skipped>
</testcase>
<testcase name="Directory Page › should fetch and display posts from WordPress API" classname="e2e\directory.spec.ts" time="0">
<skipped>
</skipped>
</testcase>
<testcase name="Directory Page › should display search input and category filter" classname="e2e\directory.spec.ts" time="0">
<skipped>
</skipped>
</testcase>
<testcase name="Directory Page › should filter posts by search query" classname="e2e\directory.spec.ts" time="0">
<skipped>
</skipped>
</testcase>
<testcase name="Directory Page › should display &quot;no posts&quot; message when search has no results" classname="e2e\directory.spec.ts" time="0">
<skipped>
</skipped>
</testcase>
<testcase name="Directory Page › should show pagination when there are many posts" classname="e2e\directory.spec.ts" time="0">
<skipped>
</skipped>
</testcase>
<testcase name="Directory Page › should handle API errors gracefully" classname="e2e\directory.spec.ts" time="0">
<skipped>
</skipped>
</testcase>
</testsuite>
<testsuite name="e2e\e2e-full.spec.ts" timestamp="2025-10-19T13:23:09.829Z" hostname="Mobile Chrome" tests="10" failures="0" skipped="10" time="0" errors="0">
<testcase name="OffGrid1 Website Testing › Homepage loads correctly" classname="e2e\e2e-full.spec.ts" time="0">
<skipped>
</skipped>
</testcase>
<testcase name="OffGrid1 Website Testing › Solar Load Analysis - Auto-fill Small Family preset works" classname="e2e\e2e-full.spec.ts" time="0">
<skipped>
</skipped>
</testcase>
<testcase name="OffGrid1 Website Testing › Rainwater Calculator - Auto-fill Small Family preset works" classname="e2e\e2e-full.spec.ts" time="0">
<skipped>
</skipped>
</testcase>
<testcase name="OffGrid1 Website Testing › Battery Sizing Calculator - Auto-fill preset works" classname="e2e\e2e-full.spec.ts" time="0">
<skipped>
</skipped>
</testcase>
<testcase name="OffGrid1 Website Testing › Wind Power Calculator - Preset and calculation" classname="e2e\e2e-full.spec.ts" time="0">
<skipped>
</skipped>
</testcase>
<testcase name="OffGrid1 Website Testing › Greywater Calculator - Preset functionality" classname="e2e\e2e-full.spec.ts" time="0">
<skipped>
</skipped>
</testcase>
<testcase name="OffGrid1 Website Testing › Hydroponics Calculator - Preset functionality" classname="e2e\e2e-full.spec.ts" time="0">
<skipped>
</skipped>
</testcase>
<testcase name="OffGrid1 Website Testing › Navigation - All menu links work" classname="e2e\e2e-full.spec.ts" time="0">
<skipped>
</skipped>
</testcase>
<testcase name="OffGrid1 Website Testing › Currency selector changes currency display" classname="e2e\e2e-full.spec.ts" time="0">
<skipped>
</skipped>
</testcase>
<testcase name="OffGrid1 Website Testing › Admin page is accessible" classname="e2e\e2e-full.spec.ts" time="0">
<skipped>
</skipped>
</testcase>
</testsuite>
<testsuite name="e2e\freemium-paywall.spec.ts" timestamp="2025-10-19T13:23:09.829Z" hostname="Mobile Chrome" tests="19" failures="0" skipped="19" time="0" errors="0">
<testcase name="Freemium Paywall - Authentication Flow › should show login/signup links when not authenticated" classname="e2e\freemium-paywall.spec.ts" time="0">
<skipped>
</skipped>
</testcase>
<testcase name="Freemium Paywall - Authentication Flow › should redirect to login page when accessing premium content while logged out" classname="e2e\freemium-paywall.spec.ts" time="0">
<skipped>
</skipped>
</testcase>
<testcase name="Freemium Paywall - Content Gating › should show preview content with blur effect for free users" classname="e2e\freemium-paywall.spec.ts" time="0">
<skipped>
</skipped>
</testcase>
<testcase name="Freemium Paywall - Content Gating › should show upgrade prompt when clicking locked content" classname="e2e\freemium-paywall.spec.ts" time="0">
<skipped>
</skipped>
</testcase>
<testcase name="Freemium Paywall - PaywallModal Component › should display PaywallModal with correct pricing tiers" classname="e2e\freemium-paywall.spec.ts" time="0">
<skipped>
</skipped>
</testcase>
<testcase name="Freemium Paywall - PaywallModal Component › should close PaywallModal when clicking close button or outside" classname="e2e\freemium-paywall.spec.ts" time="0">
<skipped>
</skipped>
</testcase>
<testcase name="Freemium Paywall - PaywallModal Component › should show feature lists for each pricing tier" classname="e2e\freemium-paywall.spec.ts" time="0">
<skipped>
</skipped>
</testcase>
<testcase name="Freemium Paywall - Access Control › free tier should have access to basic calculators" classname="e2e\freemium-paywall.spec.ts" time="0">
<skipped>
</skipped>
</testcase>
<testcase name="Freemium Paywall - Access Control › free tier should see upgrade prompts on premium features" classname="e2e\freemium-paywall.spec.ts" time="0">
<skipped>
</skipped>
</testcase>
<testcase name="Freemium Paywall - Navigation › should navigate to pricing page from PaywallModal" classname="e2e\freemium-paywall.spec.ts" time="0">
<skipped>
</skipped>
</testcase>
<testcase name="Freemium Paywall - Navigation › should navigate to signup from PaywallModal CTA" classname="e2e\freemium-paywall.spec.ts" time="0">
<skipped>
</skipped>
</testcase>
<testcase name="Freemium Paywall - Database Integration › should track calculator usage count for free tier limits" classname="e2e\freemium-paywall.spec.ts" time="0">
<skipped>
</skipped>
</testcase>
<testcase name="Freemium Paywall - Database Integration › should save calculator results for authenticated users" classname="e2e\freemium-paywall.spec.ts" time="0">
<skipped>
</skipped>
</testcase>
<testcase name="Freemium Paywall - Error Handling › should not show console errors on paywall interactions" classname="e2e\freemium-paywall.spec.ts" time="0">
<skipped>
</skipped>
</testcase>
<testcase name="Freemium Paywall - Error Handling › should handle missing environment variables gracefully" classname="e2e\freemium-paywall.spec.ts" time="0">
<skipped>
</skipped>
</testcase>
<testcase name="Freemium Paywall - Mobile Responsiveness › PaywallModal should be responsive on mobile" classname="e2e\freemium-paywall.spec.ts" time="0">
<skipped>
</skipped>
</testcase>
<testcase name="Freemium Paywall - Mobile Responsiveness › ContentGate should be readable on mobile" classname="e2e\freemium-paywall.spec.ts" time="0">
<skipped>
</skipped>
</testcase>
<testcase name="Freemium Paywall - Accessibility › PaywallModal should have proper ARIA attributes" classname="e2e\freemium-paywall.spec.ts" time="0">
<skipped>
</skipped>
</testcase>
<testcase name="Freemium Paywall - Accessibility › should be keyboard navigable" classname="e2e\freemium-paywall.spec.ts" time="0">
<skipped>
</skipped>
</testcase>
</testsuite>
<testsuite name="e2e\homepage.spec.ts" timestamp="2025-10-19T13:23:09.829Z" hostname="Mobile Chrome" tests="7" failures="0" skipped="7" time="0" errors="0">
<testcase name="Homepage - Task 11 › hero section displays with title and description" classname="e2e\homepage.spec.ts" time="0">
<skipped>
</skipped>
</testcase>
<testcase name="Homepage - Task 11 › CTA buttons are visible and functional" classname="e2e\homepage.spec.ts" time="0">
<skipped>
</skipped>
</testcase>
<testcase name="Homepage - Task 11 › feature cards display with icons and descriptions" classname="e2e\homepage.spec.ts" time="0">
<skipped>
</skipped>
</testcase>
<testcase name="Homepage - Task 11 › technology stack section displays" classname="e2e\homepage.spec.ts" time="0">
<skipped>
</skipped>
</testcase>
<testcase name="Homepage - Task 11 › theme toggle is present" classname="e2e\homepage.spec.ts" time="0">
<skipped>
</skipped>
</testcase>
<testcase name="Homepage - Task 11 › homepage is responsive and accessible" classname="e2e\homepage.spec.ts" time="0">
<skipped>
</skipped>
</testcase>
<testcase name="Homepage - Task 11 › all links have proper href attributes" classname="e2e\homepage.spec.ts" time="0">
<skipped>
</skipped>
</testcase>
</testsuite>
<testsuite name="e2e\smoke.spec.ts" timestamp="2025-10-19T13:23:09.829Z" hostname="Mobile Chrome" tests="9" failures="0" skipped="9" time="0" errors="0">
<testcase name="homepage loads and shows header" classname="e2e\smoke.spec.ts" time="0">
<skipped>
</skipped>
</testcase>
<testcase name="core routes render without errors" classname="e2e\smoke.spec.ts" time="0">
<skipped>
</skipped>
</testcase>
<testcase name="health endpoint returns healthy status" classname="e2e\smoke.spec.ts" time="0">
<skipped>
</skipped>
</testcase>
<testcase name="WordPress API is accessible" classname="e2e\smoke.spec.ts" time="0">
<skipped>
</skipped>
</testcase>
<testcase name="AI service is accessible" classname="e2e\smoke.spec.ts" time="0">
<skipped>
</skipped>
</testcase>
<testcase name="AI service lists available models" classname="e2e\smoke.spec.ts" time="0">
<skipped>
</skipped>
</testcase>
<testcase name="AI chat endpoint accepts requests and returns proper structure" classname="e2e\smoke.spec.ts" time="0">
<skipped>
</skipped>
</testcase>
<testcase name="AI chat endpoint validates request parameters" classname="e2e\smoke.spec.ts" time="0">
<skipped>
</skipped>
</testcase>
<testcase name="AI chat endpoint requires messages field" classname="e2e\smoke.spec.ts" time="0">
<skipped>
</skipped>
</testcase>
</testsuite>
<testsuite name="visual\home.spec.ts" timestamp="2025-10-19T13:23:09.829Z" hostname="Mobile Chrome" tests="7" failures="0" skipped="7" time="0" errors="0">
<testcase name="Visual Regression Tests › Home page visual snapshot" classname="visual\home.spec.ts" time="0">
<skipped>
</skipped>
</testcase>
<testcase name="Visual Regression Tests › Directory page visual snapshot" classname="visual\home.spec.ts" time="0">
<skipped>
</skipped>
</testcase>
<testcase name="Visual Regression Tests › Calculators page visual snapshot" classname="visual\home.spec.ts" time="0">
<skipped>
</skipped>
</testcase>
<testcase name="Visual Regression Tests › AI Chat page visual snapshot" classname="visual\home.spec.ts" time="0">
<skipped>
</skipped>
</testcase>
<testcase name="Visual Regression Tests › Local Services page visual snapshot" classname="visual\home.spec.ts" time="0">
<skipped>
</skipped>
</testcase>
<testcase name="Visual Regression Tests › Mobile view - Home page" classname="visual\home.spec.ts" time="0">
<skipped>
</skipped>
</testcase>
<testcase name="Visual Regression Tests › Dark mode - Home page" classname="visual\home.spec.ts" time="0">
<skipped>
</skipped>
</testcase>
</testsuite>
<testsuite name="e2e\comprehensive-smoke.spec.ts" timestamp="2025-10-19T13:23:09.829Z" hostname="Mobile Safari" tests="7" failures="0" skipped="7" time="0" errors="0">
<testcase name="Comprehensive Route Smoke Tests › Home page loads successfully" classname="e2e\comprehensive-smoke.spec.ts" time="0">
<skipped>
</skipped>
</testcase>
<testcase name="Comprehensive Route Smoke Tests › Directory page loads successfully" classname="e2e\comprehensive-smoke.spec.ts" time="0">
<skipped>
</skipped>
</testcase>
<testcase name="Comprehensive Route Smoke Tests › Calculators page loads successfully" classname="e2e\comprehensive-smoke.spec.ts" time="0">
<skipped>
</skipped>
</testcase>
<testcase name="Comprehensive Route Smoke Tests › AI Chat page loads successfully" classname="e2e\comprehensive-smoke.spec.ts" time="0">
<skipped>
</skipped>
</testcase>
<testcase name="Comprehensive Route Smoke Tests › Local Services page loads successfully" classname="e2e\comprehensive-smoke.spec.ts" time="0">
<skipped>
</skipped>
</testcase>
<testcase name="Comprehensive Route Smoke Tests › Legal Guide page loads successfully" classname="e2e\comprehensive-smoke.spec.ts" time="0">
<skipped>
</skipped>
</testcase>
<testcase name="Comprehensive Route Smoke Tests › Price Comparison page loads successfully" classname="e2e\comprehensive-smoke.spec.ts" time="0">
<skipped>
</skipped>
</testcase>
</testsuite>
<testsuite name="e2e\directory.spec.ts" timestamp="2025-10-19T13:23:09.829Z" hostname="Mobile Safari" tests="7" failures="0" skipped="7" time="0" errors="0">
<testcase name="Directory Page › should load the directory page successfully" classname="e2e\directory.spec.ts" time="0">
<skipped>
</skipped>
</testcase>
<testcase name="Directory Page › should fetch and display posts from WordPress API" classname="e2e\directory.spec.ts" time="0">
<skipped>
</skipped>
</testcase>
<testcase name="Directory Page › should display search input and category filter" classname="e2e\directory.spec.ts" time="0">
<skipped>
</skipped>
</testcase>
<testcase name="Directory Page › should filter posts by search query" classname="e2e\directory.spec.ts" time="0">
<skipped>
</skipped>
</testcase>
<testcase name="Directory Page › should display &quot;no posts&quot; message when search has no results" classname="e2e\directory.spec.ts" time="0">
<skipped>
</skipped>
</testcase>
<testcase name="Directory Page › should show pagination when there are many posts" classname="e2e\directory.spec.ts" time="0">
<skipped>
</skipped>
</testcase>
<testcase name="Directory Page › should handle API errors gracefully" classname="e2e\directory.spec.ts" time="0">
<skipped>
</skipped>
</testcase>
</testsuite>
<testsuite name="e2e\e2e-full.spec.ts" timestamp="2025-10-19T13:23:09.829Z" hostname="Mobile Safari" tests="10" failures="0" skipped="10" time="0" errors="0">
<testcase name="OffGrid1 Website Testing › Homepage loads correctly" classname="e2e\e2e-full.spec.ts" time="0">
<skipped>
</skipped>
</testcase>
<testcase name="OffGrid1 Website Testing › Solar Load Analysis - Auto-fill Small Family preset works" classname="e2e\e2e-full.spec.ts" time="0">
<skipped>
</skipped>
</testcase>
<testcase name="OffGrid1 Website Testing › Rainwater Calculator - Auto-fill Small Family preset works" classname="e2e\e2e-full.spec.ts" time="0">
<skipped>
</skipped>
</testcase>
<testcase name="OffGrid1 Website Testing › Battery Sizing Calculator - Auto-fill preset works" classname="e2e\e2e-full.spec.ts" time="0">
<skipped>
</skipped>
</testcase>
<testcase name="OffGrid1 Website Testing › Wind Power Calculator - Preset and calculation" classname="e2e\e2e-full.spec.ts" time="0">
<skipped>
</skipped>
</testcase>
<testcase name="OffGrid1 Website Testing › Greywater Calculator - Preset functionality" classname="e2e\e2e-full.spec.ts" time="0">
<skipped>
</skipped>
</testcase>
<testcase name="OffGrid1 Website Testing › Hydroponics Calculator - Preset functionality" classname="e2e\e2e-full.spec.ts" time="0">
<skipped>
</skipped>
</testcase>
<testcase name="OffGrid1 Website Testing › Navigation - All menu links work" classname="e2e\e2e-full.spec.ts" time="0">
<skipped>
</skipped>
</testcase>
<testcase name="OffGrid1 Website Testing › Currency selector changes currency display" classname="e2e\e2e-full.spec.ts" time="0">
<skipped>
</skipped>
</testcase>
<testcase name="OffGrid1 Website Testing › Admin page is accessible" classname="e2e\e2e-full.spec.ts" time="0">
<skipped>
</skipped>
</testcase>
</testsuite>
<testsuite name="e2e\freemium-paywall.spec.ts" timestamp="2025-10-19T13:23:09.829Z" hostname="Mobile Safari" tests="19" failures="0" skipped="19" time="0" errors="0">
<testcase name="Freemium Paywall - Authentication Flow › should show login/signup links when not authenticated" classname="e2e\freemium-paywall.spec.ts" time="0">
<skipped>
</skipped>
</testcase>
<testcase name="Freemium Paywall - Authentication Flow › should redirect to login page when accessing premium content while logged out" classname="e2e\freemium-paywall.spec.ts" time="0">
<skipped>
</skipped>
</testcase>
<testcase name="Freemium Paywall - Content Gating › should show preview content with blur effect for free users" classname="e2e\freemium-paywall.spec.ts" time="0">
<skipped>
</skipped>
</testcase>
<testcase name="Freemium Paywall - Content Gating › should show upgrade prompt when clicking locked content" classname="e2e\freemium-paywall.spec.ts" time="0">
<skipped>
</skipped>
</testcase>
<testcase name="Freemium Paywall - PaywallModal Component › should display PaywallModal with correct pricing tiers" classname="e2e\freemium-paywall.spec.ts" time="0">
<skipped>
</skipped>
</testcase>
<testcase name="Freemium Paywall - PaywallModal Component › should close PaywallModal when clicking close button or outside" classname="e2e\freemium-paywall.spec.ts" time="0">
<skipped>
</skipped>
</testcase>
<testcase name="Freemium Paywall - PaywallModal Component › should show feature lists for each pricing tier" classname="e2e\freemium-paywall.spec.ts" time="0">
<skipped>
</skipped>
</testcase>
<testcase name="Freemium Paywall - Access Control › free tier should have access to basic calculators" classname="e2e\freemium-paywall.spec.ts" time="0">
<skipped>
</skipped>
</testcase>
<testcase name="Freemium Paywall - Access Control › free tier should see upgrade prompts on premium features" classname="e2e\freemium-paywall.spec.ts" time="0">
<skipped>
</skipped>
</testcase>
<testcase name="Freemium Paywall - Navigation › should navigate to pricing page from PaywallModal" classname="e2e\freemium-paywall.spec.ts" time="0">
<skipped>
</skipped>
</testcase>
<testcase name="Freemium Paywall - Navigation › should navigate to signup from PaywallModal CTA" classname="e2e\freemium-paywall.spec.ts" time="0">
<skipped>
</skipped>
</testcase>
<testcase name="Freemium Paywall - Database Integration › should track calculator usage count for free tier limits" classname="e2e\freemium-paywall.spec.ts" time="0">
<skipped>
</skipped>
</testcase>
<testcase name="Freemium Paywall - Database Integration › should save calculator results for authenticated users" classname="e2e\freemium-paywall.spec.ts" time="0">
<skipped>
</skipped>
</testcase>
<testcase name="Freemium Paywall - Error Handling › should not show console errors on paywall interactions" classname="e2e\freemium-paywall.spec.ts" time="0">
<skipped>
</skipped>
</testcase>
<testcase name="Freemium Paywall - Error Handling › should handle missing environment variables gracefully" classname="e2e\freemium-paywall.spec.ts" time="0">
<skipped>
</skipped>
</testcase>
<testcase name="Freemium Paywall - Mobile Responsiveness › PaywallModal should be responsive on mobile" classname="e2e\freemium-paywall.spec.ts" time="0">
<skipped>
</skipped>
</testcase>
<testcase name="Freemium Paywall - Mobile Responsiveness › ContentGate should be readable on mobile" classname="e2e\freemium-paywall.spec.ts" time="0">
<skipped>
</skipped>
</testcase>
<testcase name="Freemium Paywall - Accessibility › PaywallModal should have proper ARIA attributes" classname="e2e\freemium-paywall.spec.ts" time="0">
<skipped>
</skipped>
</testcase>
<testcase name="Freemium Paywall - Accessibility › should be keyboard navigable" classname="e2e\freemium-paywall.spec.ts" time="0">
<skipped>
</skipped>
</testcase>
</testsuite>
<testsuite name="e2e\homepage.spec.ts" timestamp="2025-10-19T13:23:09.829Z" hostname="Mobile Safari" tests="7" failures="0" skipped="7" time="0" errors="0">
<testcase name="Homepage - Task 11 › hero section displays with title and description" classname="e2e\homepage.spec.ts" time="0">
<skipped>
</skipped>
</testcase>
<testcase name="Homepage - Task 11 › CTA buttons are visible and functional" classname="e2e\homepage.spec.ts" time="0">
<skipped>
</skipped>
</testcase>
<testcase name="Homepage - Task 11 › feature cards display with icons and descriptions" classname="e2e\homepage.spec.ts" time="0">
<skipped>
</skipped>
</testcase>
<testcase name="Homepage - Task 11 › technology stack section displays" classname="e2e\homepage.spec.ts" time="0">
<skipped>
</skipped>
</testcase>
<testcase name="Homepage - Task 11 › theme toggle is present" classname="e2e\homepage.spec.ts" time="0">
<skipped>
</skipped>
</testcase>
<testcase name="Homepage - Task 11 › homepage is responsive and accessible" classname="e2e\homepage.spec.ts" time="0">
<skipped>
</skipped>
</testcase>
<testcase name="Homepage - Task 11 › all links have proper href attributes" classname="e2e\homepage.spec.ts" time="0">
<skipped>
</skipped>
</testcase>
</testsuite>
<testsuite name="e2e\smoke.spec.ts" timestamp="2025-10-19T13:23:09.829Z" hostname="Mobile Safari" tests="9" failures="0" skipped="9" time="0" errors="0">
<testcase name="homepage loads and shows header" classname="e2e\smoke.spec.ts" time="0">
<skipped>
</skipped>
</testcase>
<testcase name="core routes render without errors" classname="e2e\smoke.spec.ts" time="0">
<skipped>
</skipped>
</testcase>
<testcase name="health endpoint returns healthy status" classname="e2e\smoke.spec.ts" time="0">
<skipped>
</skipped>
</testcase>
<testcase name="WordPress API is accessible" classname="e2e\smoke.spec.ts" time="0">
<skipped>
</skipped>
</testcase>
<testcase name="AI service is accessible" classname="e2e\smoke.spec.ts" time="0">
<skipped>
</skipped>
</testcase>
<testcase name="AI service lists available models" classname="e2e\smoke.spec.ts" time="0">
<skipped>
</skipped>
</testcase>
<testcase name="AI chat endpoint accepts requests and returns proper structure" classname="e2e\smoke.spec.ts" time="0">
<skipped>
</skipped>
</testcase>
<testcase name="AI chat endpoint validates request parameters" classname="e2e\smoke.spec.ts" time="0">
<skipped>
</skipped>
</testcase>
<testcase name="AI chat endpoint requires messages field" classname="e2e\smoke.spec.ts" time="0">
<skipped>
</skipped>
</testcase>
</testsuite>
<testsuite name="visual\home.spec.ts" timestamp="2025-10-19T13:23:09.829Z" hostname="Mobile Safari" tests="7" failures="0" skipped="7" time="0" errors="0">
<testcase name="Visual Regression Tests › Home page visual snapshot" classname="visual\home.spec.ts" time="0">
<skipped>
</skipped>
</testcase>
<testcase name="Visual Regression Tests › Directory page visual snapshot" classname="visual\home.spec.ts" time="0">
<skipped>
</skipped>
</testcase>
<testcase name="Visual Regression Tests › Calculators page visual snapshot" classname="visual\home.spec.ts" time="0">
<skipped>
</skipped>
</testcase>
<testcase name="Visual Regression Tests › AI Chat page visual snapshot" classname="visual\home.spec.ts" time="0">
<skipped>
</skipped>
</testcase>
<testcase name="Visual Regression Tests › Local Services page visual snapshot" classname="visual\home.spec.ts" time="0">
<skipped>
</skipped>
</testcase>
<testcase name="Visual Regression Tests › Mobile view - Home page" classname="visual\home.spec.ts" time="0">
<skipped>
</skipped>
</testcase>
<testcase name="Visual Regression Tests › Dark mode - Home page" classname="visual\home.spec.ts" time="0">
<skipped>
</skipped>
</testcase>
</testsuite>
</testsuites>